2025-03-17 20:51:05,527 - INFO - Error during model training: 'models'
2025-03-18 10:38:58,867 - INFO - Error during ML training/prediction: 'models'
2025-03-18 10:59:50,869 - INFO - Test log entry for unit test
2025-03-18 11:18:14,615 - INFO - Test log entry for unit test
2025-03-18 11:41:08,852 - INFO - Test log entry for unit test
2025-03-18 12:06:03,322 - INFO - Test log entry for unit test
2025-03-18 14:29:53,906 - INFO - Test log entry for unit test
2025-03-18 15:03:26,344 - INFO - Test log entry for unit test
2025-03-18 15:23:23,574 - INFO - Test log entry for unit test
2025-03-18 15:39:13,004 - INFO - Test log entry for unit test
2025-03-18 16:01:40,225 - INFO - Error during ML training/prediction: [36mray::_dystack()[39m (pid=16068, ip=127.0.0.1)
  File "python\ray\_raylet.pyx", line 1862, in ray._raylet.execute_task
  File "C:\Users\danie\anaconda3\envs\soros_ai_env\lib\site-packages\autogluon\tabular\predictor\predictor.py", line 5665, in _dystack
    train_data, val_data = generate_train_test_split_combined(
  File "C:\Users\danie\anaconda3\envs\soros_ai_env\lib\site-packages\autogluon\core\utils\utils.py", line 417, in generate_train_test_split_combined
    X, y = extract_label(data=data, label=label)
  File "C:\Users\danie\anaconda3\envs\soros_ai_env\lib\site-packages\autogluon\core\utils\utils.py", line 357, in extract_label
    raise ValueError(f"Provided DataFrame does not contain label column: {label}")
ValueError: Provided DataFrame does not contain label column: target
2025-03-18 16:06:45,569 - INFO - Error during ML training/prediction: [36mray::_dystack()[39m (pid=21884, ip=127.0.0.1)
  File "python\ray\_raylet.pyx", line 1862, in ray._raylet.execute_task
  File "C:\Users\danie\anaconda3\envs\soros_ai_env\lib\site-packages\autogluon\tabular\predictor\predictor.py", line 5665, in _dystack
    train_data, val_data = generate_train_test_split_combined(
  File "C:\Users\danie\anaconda3\envs\soros_ai_env\lib\site-packages\autogluon\core\utils\utils.py", line 417, in generate_train_test_split_combined
    X, y = extract_label(data=data, label=label)
  File "C:\Users\danie\anaconda3\envs\soros_ai_env\lib\site-packages\autogluon\core\utils\utils.py", line 357, in extract_label
    raise ValueError(f"Provided DataFrame does not contain label column: {label}")
ValueError: Provided DataFrame does not contain label column: target
2025-03-18 16:11:08,205 - INFO - Error during ML training/prediction: [36mray::_dystack()[39m (pid=36780, ip=127.0.0.1)
  File "python\ray\_raylet.pyx", line 1862, in ray._raylet.execute_task
  File "C:\Users\danie\anaconda3\envs\soros_ai_env\lib\site-packages\autogluon\tabular\predictor\predictor.py", line 5665, in _dystack
    train_data, val_data = generate_train_test_split_combined(
  File "C:\Users\danie\anaconda3\envs\soros_ai_env\lib\site-packages\autogluon\core\utils\utils.py", line 417, in generate_train_test_split_combined
    X, y = extract_label(data=data, label=label)
  File "C:\Users\danie\anaconda3\envs\soros_ai_env\lib\site-packages\autogluon\core\utils\utils.py", line 357, in extract_label
    raise ValueError(f"Provided DataFrame does not contain label column: {label}")
ValueError: Provided DataFrame does not contain label column: target
2025-03-18 16:38:11,040 - INFO - Error during ML training/prediction: [36mray::_dystack()[39m (pid=34828, ip=127.0.0.1)
  File "python\ray\_raylet.pyx", line 1862, in ray._raylet.execute_task
  File "C:\Users\danie\anaconda3\envs\soros_ai_env\lib\site-packages\autogluon\tabular\predictor\predictor.py", line 5665, in _dystack
    train_data, val_data = generate_train_test_split_combined(
  File "C:\Users\danie\anaconda3\envs\soros_ai_env\lib\site-packages\autogluon\core\utils\utils.py", line 417, in generate_train_test_split_combined
    X, y = extract_label(data=data, label=label)
  File "C:\Users\danie\anaconda3\envs\soros_ai_env\lib\site-packages\autogluon\core\utils\utils.py", line 357, in extract_label
    raise ValueError(f"Provided DataFrame does not contain label column: {label}")
ValueError: Provided DataFrame does not contain label column: target
2025-03-18 16:55:22,340 - INFO - Error during ML training/prediction: [36mray::_dystack()[39m (pid=17932, ip=127.0.0.1)
  File "python\ray\_raylet.pyx", line 1862, in ray._raylet.execute_task
  File "C:\Users\danie\anaconda3\envs\soros_ai_env\lib\site-packages\autogluon\tabular\predictor\predictor.py", line 5665, in _dystack
    train_data, val_data = generate_train_test_split_combined(
  File "C:\Users\danie\anaconda3\envs\soros_ai_env\lib\site-packages\autogluon\core\utils\utils.py", line 417, in generate_train_test_split_combined
    X, y = extract_label(data=data, label=label)
  File "C:\Users\danie\anaconda3\envs\soros_ai_env\lib\site-packages\autogluon\core\utils\utils.py", line 357, in extract_label
    raise ValueError(f"Provided DataFrame does not contain label column: {label}")
ValueError: Provided DataFrame does not contain label column: target
2025-03-18 17:05:12,011 - INFO - Error during ML training/prediction: [36mray::_dystack()[39m (pid=4352, ip=127.0.0.1)
  File "python\ray\_raylet.pyx", line 1862, in ray._raylet.execute_task
  File "C:\Users\danie\anaconda3\envs\soros_ai_env\lib\site-packages\autogluon\tabular\predictor\predictor.py", line 5665, in _dystack
    train_data, val_data = generate_train_test_split_combined(
  File "C:\Users\danie\anaconda3\envs\soros_ai_env\lib\site-packages\autogluon\core\utils\utils.py", line 417, in generate_train_test_split_combined
    X, y = extract_label(data=data, label=label)
  File "C:\Users\danie\anaconda3\envs\soros_ai_env\lib\site-packages\autogluon\core\utils\utils.py", line 357, in extract_label
    raise ValueError(f"Provided DataFrame does not contain label column: {label}")
ValueError: Provided DataFrame does not contain label column: target
2025-03-19 10:57:20,104 - INFO - Error during ML training/prediction: [36mray::_dystack()[39m (pid=33696, ip=127.0.0.1)
  File "python\ray\_raylet.pyx", line 1862, in ray._raylet.execute_task
  File "C:\Users\danie\anaconda3\envs\soros_ai_env\lib\site-packages\autogluon\tabular\predictor\predictor.py", line 5665, in _dystack
    train_data, val_data = generate_train_test_split_combined(
  File "C:\Users\danie\anaconda3\envs\soros_ai_env\lib\site-packages\autogluon\core\utils\utils.py", line 417, in generate_train_test_split_combined
    X, y = extract_label(data=data, label=label)
  File "C:\Users\danie\anaconda3\envs\soros_ai_env\lib\site-packages\autogluon\core\utils\utils.py", line 357, in extract_label
    raise ValueError(f"Provided DataFrame does not contain label column: {label}")
ValueError: Provided DataFrame does not contain label column: target
2025-03-19 11:06:41,694 - INFO - Error during ML training/prediction: Got invalid keys for `ds_args`. Allowed: {'clean_up_fits', 'enable_ray_logging', 'memory_safe_fits', 'enable_callbacks', 'n_folds', 'detection_time_frac', 'n_repeats', 'holdout_frac', 'validation_procedure', 'holdout_data'}. Got: {'dynamic_stacking'}
2025-03-19 11:10:05,012 - INFO - Test log entry for unit test
2025-03-19 11:50:08,781 - INFO - Test log entry for unit test
2025-03-19 11:54:19,455 - ERROR - 
1 Failed download:
2025-03-19 11:54:19,455 - ERROR - ['BRK.B']: YFPricesMissingError('possibly delisted; no price data found  (period=1mo) (Yahoo error = "No data found, symbol may be delisted")')
2025-03-19 11:54:20,039 - ERROR - 
1 Failed download:
2025-03-19 11:54:20,039 - ERROR - ['BRK.B']: YFPricesMissingError('possibly delisted; no price data found  (period=1mo) (Yahoo error = "No data found, symbol may be delisted")')
2025-03-19 11:54:20,800 - ERROR - 
1 Failed download:
2025-03-19 11:54:20,800 - ERROR - ['BRK.B']: YFPricesMissingError('possibly delisted; no price data found  (period=5d) (Yahoo error = "No data found, symbol may be delisted")')
2025-03-19 11:54:26,281 - ERROR - 
1 Failed download:
2025-03-19 11:54:26,282 - ERROR - ['BF.B']: YFPricesMissingError('possibly delisted; no price data found  (period=1mo)')
2025-03-19 11:54:26,330 - ERROR - 
1 Failed download:
2025-03-19 11:54:26,330 - ERROR - ['BF.B']: YFPricesMissingError('possibly delisted; no price data found  (period=1mo)')
2025-03-19 11:54:26,394 - ERROR - 
1 Failed download:
2025-03-19 11:54:26,394 - ERROR - ['BF.B']: YFPricesMissingError('possibly delisted; no price data found  (period=5d)')
2025-03-19 11:57:57,558 - ERROR - Could not get exchangeTimezoneName for ticker 'WDC' reason: 'chart'
2025-03-19 11:57:58,371 - ERROR - 
1 Failed download:
2025-03-19 11:57:58,371 - ERROR - ['WDC']: YFPricesMissingError('possibly delisted; no price data found  (period=1mo)')
2025-03-19 11:57:58,389 - ERROR - Could not get exchangeTimezoneName for ticker 'WDC' reason: 'chart'
2025-03-19 11:57:59,577 - ERROR - 
1 Failed download:
2025-03-19 11:57:59,578 - ERROR - ['WDC']: YFPricesMissingError('possibly delisted; no price data found  (period=1mo)')
2025-03-19 11:57:59,593 - ERROR - Could not get exchangeTimezoneName for ticker 'WDC' reason: 'chart'
2025-03-19 11:58:00,551 - ERROR - 
1 Failed download:
2025-03-19 11:58:00,551 - ERROR - ['WDC']: YFPricesMissingError('possibly delisted; no price data found  (period=5d)')
2025-03-19 11:58:06,266 - INFO - Test log entry for unit test
2025-03-19 12:01:29,052 - INFO - Error during ML training/prediction: [36mray::_dystack()[39m (pid=6944, ip=127.0.0.1)
  File "python\ray\_raylet.pyx", line 1862, in ray._raylet.execute_task
  File "C:\Users\danie\anaconda3\envs\soros_ai_env\lib\site-packages\autogluon\tabular\predictor\predictor.py", line 5665, in _dystack
    train_data, val_data = generate_train_test_split_combined(
  File "C:\Users\danie\anaconda3\envs\soros_ai_env\lib\site-packages\autogluon\core\utils\utils.py", line 417, in generate_train_test_split_combined
    X, y = extract_label(data=data, label=label)
  File "C:\Users\danie\anaconda3\envs\soros_ai_env\lib\site-packages\autogluon\core\utils\utils.py", line 357, in extract_label
    raise ValueError(f"Provided DataFrame does not contain label column: {label}")
ValueError: Provided DataFrame does not contain label column: target
2025-03-19 12:17:08,674 - INFO - Error during ML training/prediction: [36mray::_dystack()[39m (pid=13244, ip=127.0.0.1)
  File "python\ray\_raylet.pyx", line 1862, in ray._raylet.execute_task
  File "C:\Users\danie\anaconda3\envs\soros_ai_env\lib\site-packages\autogluon\tabular\predictor\predictor.py", line 5665, in _dystack
    train_data, val_data = generate_train_test_split_combined(
  File "C:\Users\danie\anaconda3\envs\soros_ai_env\lib\site-packages\autogluon\core\utils\utils.py", line 417, in generate_train_test_split_combined
    X, y = extract_label(data=data, label=label)
  File "C:\Users\danie\anaconda3\envs\soros_ai_env\lib\site-packages\autogluon\core\utils\utils.py", line 357, in extract_label
    raise ValueError(f"Provided DataFrame does not contain label column: {label}")
ValueError: Provided DataFrame does not contain label column: target
2025-03-19 12:20:26,778 - INFO - Error during ML training/prediction: [36mray::_dystack()[39m (pid=9744, ip=127.0.0.1)
  File "python\ray\_raylet.pyx", line 1862, in ray._raylet.execute_task
  File "C:\Users\danie\anaconda3\envs\soros_ai_env\lib\site-packages\autogluon\tabular\predictor\predictor.py", line 5665, in _dystack
    train_data, val_data = generate_train_test_split_combined(
  File "C:\Users\danie\anaconda3\envs\soros_ai_env\lib\site-packages\autogluon\core\utils\utils.py", line 417, in generate_train_test_split_combined
    X, y = extract_label(data=data, label=label)
  File "C:\Users\danie\anaconda3\envs\soros_ai_env\lib\site-packages\autogluon\core\utils\utils.py", line 357, in extract_label
    raise ValueError(f"Provided DataFrame does not contain label column: {label}")
ValueError: Provided DataFrame does not contain label column: target
2025-03-19 12:33:31,447 - ERROR - 
1 Failed download:
2025-03-19 12:33:31,450 - ERROR - ['BRK.B']: YFPricesMissingError('possibly delisted; no price data found  (period=1mo) (Yahoo error = "No data found, symbol may be delisted")')
2025-03-19 12:33:32,127 - ERROR - 
1 Failed download:
2025-03-19 12:33:32,127 - ERROR - ['BRK.B']: YFPricesMissingError('possibly delisted; no price data found  (period=1mo) (Yahoo error = "No data found, symbol may be delisted")')
2025-03-19 12:33:32,693 - ERROR - 
1 Failed download:
2025-03-19 12:33:32,693 - ERROR - ['BRK.B']: YFPricesMissingError('possibly delisted; no price data found  (period=5d) (Yahoo error = "No data found, symbol may be delisted")')
2025-03-19 12:33:38,025 - ERROR - 
1 Failed download:
2025-03-19 12:33:38,025 - ERROR - ['BF.B']: YFPricesMissingError('possibly delisted; no price data found  (period=1mo)')
2025-03-19 12:33:38,055 - ERROR - 
1 Failed download:
2025-03-19 12:33:38,055 - ERROR - ['BF.B']: YFPricesMissingError('possibly delisted; no price data found  (period=1mo)')
2025-03-19 12:33:38,126 - ERROR - 
1 Failed download:
2025-03-19 12:33:38,127 - ERROR - ['BF.B']: YFPricesMissingError('possibly delisted; no price data found  (period=5d)')
2025-03-19 12:36:15,568 - ERROR - Could not get exchangeTimezoneName for ticker 'WDC' reason: 'chart'
2025-03-19 12:36:16,497 - ERROR - 
1 Failed download:
2025-03-19 12:36:16,499 - ERROR - ['WDC']: YFPricesMissingError('possibly delisted; no price data found  (period=1mo)')
2025-03-19 12:36:16,508 - ERROR - Could not get exchangeTimezoneName for ticker 'WDC' reason: 'chart'
2025-03-19 12:36:17,134 - ERROR - 
1 Failed download:
2025-03-19 12:36:17,135 - ERROR - ['WDC']: YFPricesMissingError('possibly delisted; no price data found  (period=1mo)')
2025-03-19 12:36:17,142 - ERROR - Could not get exchangeTimezoneName for ticker 'WDC' reason: 'chart'
2025-03-19 12:36:17,859 - ERROR - 
1 Failed download:
2025-03-19 12:36:17,859 - ERROR - ['WDC']: YFPricesMissingError('possibly delisted; no price data found  (period=5d)')
2025-03-19 12:36:21,817 - INFO - Test log entry for unit test
2025-03-19 12:40:08,571 - ERROR - 
1 Failed download:
2025-03-19 12:40:08,571 - ERROR - ['BRK.B']: YFPricesMissingError('possibly delisted; no price data found  (period=1mo) (Yahoo error = "No data found, symbol may be delisted")')
2025-03-19 12:40:09,211 - ERROR - 
1 Failed download:
2025-03-19 12:40:09,211 - ERROR - ['BRK.B']: YFPricesMissingError('possibly delisted; no price data found  (period=1mo) (Yahoo error = "No data found, symbol may be delisted")')
2025-03-19 12:40:09,913 - ERROR - 
1 Failed download:
2025-03-19 12:40:09,915 - ERROR - ['BRK.B']: YFPricesMissingError('possibly delisted; no price data found  (period=5d) (Yahoo error = "No data found, symbol may be delisted")')
2025-03-19 12:40:15,466 - ERROR - 
1 Failed download:
2025-03-19 12:40:15,466 - ERROR - ['BF.B']: YFPricesMissingError('possibly delisted; no price data found  (period=1mo)')
2025-03-19 12:40:15,498 - ERROR - 
1 Failed download:
2025-03-19 12:40:15,498 - ERROR - ['BF.B']: YFPricesMissingError('possibly delisted; no price data found  (period=1mo)')
2025-03-19 12:40:15,615 - ERROR - 
1 Failed download:
2025-03-19 12:40:15,615 - ERROR - ['BF.B']: YFPricesMissingError('possibly delisted; no price data found  (period=5d)')
2025-03-19 12:42:49,542 - ERROR - 
1 Failed download:
2025-03-19 12:42:49,542 - ERROR - ['VRSN']: YFRateLimitError('Too Many Requests. Rate limited. Try after a while.')
2025-03-19 12:42:50,459 - ERROR - 
1 Failed download:
2025-03-19 12:42:50,459 - ERROR - ['VRSN']: YFRateLimitError('Too Many Requests. Rate limited. Try after a while.')
2025-03-19 12:42:51,209 - ERROR - 
1 Failed download:
2025-03-19 12:42:51,209 - ERROR - ['VRSN']: YFRateLimitError('Too Many Requests. Rate limited. Try after a while.')
2025-03-19 12:42:52,009 - ERROR - 
1 Failed download:
2025-03-19 12:42:52,009 - ERROR - ['VRSK']: YFRateLimitError('Too Many Requests. Rate limited. Try after a while.')
2025-03-19 12:42:52,618 - ERROR - 
1 Failed download:
2025-03-19 12:42:52,618 - ERROR - ['VRSK']: YFRateLimitError('Too Many Requests. Rate limited. Try after a while.')
2025-03-19 12:42:53,295 - ERROR - 
1 Failed download:
2025-03-19 12:42:53,295 - ERROR - ['VRSK']: YFRateLimitError('Too Many Requests. Rate limited. Try after a while.')
2025-03-19 12:42:54,048 - ERROR - 
1 Failed download:
2025-03-19 12:42:54,048 - ERROR - ['VZ']: YFRateLimitError('Too Many Requests. Rate limited. Try after a while.')
2025-03-19 12:42:54,664 - ERROR - 
1 Failed download:
2025-03-19 12:42:54,665 - ERROR - ['VZ']: YFRateLimitError('Too Many Requests. Rate limited. Try after a while.')
2025-03-19 12:42:55,995 - ERROR - 
1 Failed download:
2025-03-19 12:42:55,995 - ERROR - ['VZ']: YFRateLimitError('Too Many Requests. Rate limited. Try after a while.')
2025-03-19 12:42:56,768 - ERROR - 
1 Failed download:
2025-03-19 12:42:56,768 - ERROR - ['VRTX']: YFRateLimitError('Too Many Requests. Rate limited. Try after a while.')
2025-03-19 12:42:57,689 - ERROR - 
1 Failed download:
2025-03-19 12:42:57,689 - ERROR - ['VRTX']: YFRateLimitError('Too Many Requests. Rate limited. Try after a while.')
2025-03-19 12:42:58,559 - ERROR - 
1 Failed download:
2025-03-19 12:42:58,559 - ERROR - ['VRTX']: YFRateLimitError('Too Many Requests. Rate limited. Try after a while.')
2025-03-19 12:42:59,489 - ERROR - 
1 Failed download:
2025-03-19 12:42:59,489 - ERROR - ['VTRS']: YFRateLimitError('Too Many Requests. Rate limited. Try after a while.')
2025-03-19 12:43:00,030 - ERROR - 
1 Failed download:
2025-03-19 12:43:00,031 - ERROR - ['VTRS']: YFRateLimitError('Too Many Requests. Rate limited. Try after a while.')
2025-03-19 12:43:00,677 - ERROR - 
1 Failed download:
2025-03-19 12:43:00,677 - ERROR - ['VTRS']: YFRateLimitError('Too Many Requests. Rate limited. Try after a while.')
2025-03-19 12:43:01,587 - ERROR - 
1 Failed download:
2025-03-19 12:43:01,587 - ERROR - ['VICI']: YFRateLimitError('Too Many Requests. Rate limited. Try after a while.')
2025-03-19 12:43:02,562 - ERROR - 
1 Failed download:
2025-03-19 12:43:02,563 - ERROR - ['VICI']: YFRateLimitError('Too Many Requests. Rate limited. Try after a while.')
2025-03-19 12:43:03,343 - ERROR - 
1 Failed download:
2025-03-19 12:43:03,343 - ERROR - ['VICI']: YFRateLimitError('Too Many Requests. Rate limited. Try after a while.')
2025-03-19 12:43:03,946 - ERROR - 
1 Failed download:
2025-03-19 12:43:03,946 - ERROR - ['V']: YFRateLimitError('Too Many Requests. Rate limited. Try after a while.')
2025-03-19 12:43:04,611 - ERROR - 
1 Failed download:
2025-03-19 12:43:04,612 - ERROR - ['V']: YFRateLimitError('Too Many Requests. Rate limited. Try after a while.')
2025-03-19 12:43:05,290 - ERROR - 
1 Failed download:
2025-03-19 12:43:05,290 - ERROR - ['V']: YFRateLimitError('Too Many Requests. Rate limited. Try after a while.')
2025-03-19 12:43:05,992 - ERROR - 
1 Failed download:
2025-03-19 12:43:05,992 - ERROR - ['VST']: YFRateLimitError('Too Many Requests. Rate limited. Try after a while.')
2025-03-19 12:43:06,747 - ERROR - 
1 Failed download:
2025-03-19 12:43:06,747 - ERROR - ['VST']: YFRateLimitError('Too Many Requests. Rate limited. Try after a while.')
2025-03-19 12:43:07,480 - ERROR - 
1 Failed download:
2025-03-19 12:43:07,480 - ERROR - ['VST']: YFRateLimitError('Too Many Requests. Rate limited. Try after a while.')
2025-03-19 12:43:08,203 - ERROR - 
1 Failed download:
2025-03-19 12:43:08,203 - ERROR - ['VMC']: YFRateLimitError('Too Many Requests. Rate limited. Try after a while.')
2025-03-19 12:43:08,752 - ERROR - 
1 Failed download:
2025-03-19 12:43:08,752 - ERROR - ['VMC']: YFRateLimitError('Too Many Requests. Rate limited. Try after a while.')
2025-03-19 12:43:09,706 - ERROR - 
1 Failed download:
2025-03-19 12:43:09,707 - ERROR - ['VMC']: YFRateLimitError('Too Many Requests. Rate limited. Try after a while.')
2025-03-19 12:43:11,338 - ERROR - 
1 Failed download:
2025-03-19 12:43:11,338 - ERROR - ['WRB']: YFRateLimitError('Too Many Requests. Rate limited. Try after a while.')
2025-03-19 12:43:12,180 - ERROR - 
1 Failed download:
2025-03-19 12:43:12,180 - ERROR - ['WRB']: YFRateLimitError('Too Many Requests. Rate limited. Try after a while.')
2025-03-19 12:43:12,806 - ERROR - 
1 Failed download:
2025-03-19 12:43:12,806 - ERROR - ['WRB']: YFRateLimitError('Too Many Requests. Rate limited. Try after a while.')
2025-03-19 12:43:13,729 - ERROR - 
1 Failed download:
2025-03-19 12:43:13,729 - ERROR - ['GWW']: YFRateLimitError('Too Many Requests. Rate limited. Try after a while.')
2025-03-19 12:43:14,708 - ERROR - 
1 Failed download:
2025-03-19 12:43:14,709 - ERROR - ['GWW']: YFRateLimitError('Too Many Requests. Rate limited. Try after a while.')
2025-03-19 12:43:15,345 - ERROR - 
1 Failed download:
2025-03-19 12:43:15,345 - ERROR - ['GWW']: YFRateLimitError('Too Many Requests. Rate limited. Try after a while.')
2025-03-19 12:43:16,183 - ERROR - 
1 Failed download:
2025-03-19 12:43:16,183 - ERROR - ['WAB']: YFRateLimitError('Too Many Requests. Rate limited. Try after a while.')
2025-03-19 12:43:16,945 - ERROR - 
1 Failed download:
2025-03-19 12:43:16,945 - ERROR - ['WAB']: YFRateLimitError('Too Many Requests. Rate limited. Try after a while.')
2025-03-19 12:43:17,852 - ERROR - 
1 Failed download:
2025-03-19 12:43:17,852 - ERROR - ['WAB']: YFRateLimitError('Too Many Requests. Rate limited. Try after a while.')
2025-03-19 12:43:18,538 - ERROR - 
1 Failed download:
2025-03-19 12:43:18,538 - ERROR - ['WBA']: YFRateLimitError('Too Many Requests. Rate limited. Try after a while.')
2025-03-19 12:43:19,323 - ERROR - 
1 Failed download:
2025-03-19 12:43:19,323 - ERROR - ['WBA']: YFRateLimitError('Too Many Requests. Rate limited. Try after a while.')
2025-03-19 12:43:19,950 - ERROR - 
1 Failed download:
2025-03-19 12:43:19,950 - ERROR - ['WBA']: YFRateLimitError('Too Many Requests. Rate limited. Try after a while.')
2025-03-19 12:43:20,558 - ERROR - 
1 Failed download:
2025-03-19 12:43:20,558 - ERROR - ['WMT']: YFRateLimitError('Too Many Requests. Rate limited. Try after a while.')
2025-03-19 12:43:21,360 - ERROR - 
1 Failed download:
2025-03-19 12:43:21,361 - ERROR - ['WMT']: YFRateLimitError('Too Many Requests. Rate limited. Try after a while.')
2025-03-19 12:43:22,054 - ERROR - 
1 Failed download:
2025-03-19 12:43:22,054 - ERROR - ['WMT']: YFRateLimitError('Too Many Requests. Rate limited. Try after a while.')
2025-03-19 12:43:22,929 - ERROR - 
1 Failed download:
2025-03-19 12:43:22,929 - ERROR - ['DIS']: YFRateLimitError('Too Many Requests. Rate limited. Try after a while.')
2025-03-19 12:43:23,580 - ERROR - 
1 Failed download:
2025-03-19 12:43:23,580 - ERROR - ['DIS']: YFRateLimitError('Too Many Requests. Rate limited. Try after a while.')
2025-03-19 12:43:24,524 - ERROR - 
1 Failed download:
2025-03-19 12:43:24,525 - ERROR - ['DIS']: YFRateLimitError('Too Many Requests. Rate limited. Try after a while.')
2025-03-19 12:43:25,178 - ERROR - 
1 Failed download:
2025-03-19 12:43:25,178 - ERROR - ['WBD']: YFRateLimitError('Too Many Requests. Rate limited. Try after a while.')
2025-03-19 12:43:25,930 - ERROR - 
1 Failed download:
2025-03-19 12:43:25,930 - ERROR - ['WBD']: YFRateLimitError('Too Many Requests. Rate limited. Try after a while.')
2025-03-19 12:43:26,513 - ERROR - 
1 Failed download:
2025-03-19 12:43:26,513 - ERROR - ['WBD']: YFRateLimitError('Too Many Requests. Rate limited. Try after a while.')
2025-03-19 12:43:27,396 - ERROR - 
1 Failed download:
2025-03-19 12:43:27,396 - ERROR - ['WM']: YFRateLimitError('Too Many Requests. Rate limited. Try after a while.')
2025-03-19 12:43:28,019 - ERROR - 
1 Failed download:
2025-03-19 12:43:28,019 - ERROR - ['WM']: YFRateLimitError('Too Many Requests. Rate limited. Try after a while.')
2025-03-19 12:43:28,609 - ERROR - 
1 Failed download:
2025-03-19 12:43:28,609 - ERROR - ['WM']: YFRateLimitError('Too Many Requests. Rate limited. Try after a while.')
2025-03-19 12:43:29,339 - ERROR - 
1 Failed download:
2025-03-19 12:43:29,339 - ERROR - ['WAT']: YFRateLimitError('Too Many Requests. Rate limited. Try after a while.')
2025-03-19 12:43:30,238 - ERROR - 
1 Failed download:
2025-03-19 12:43:30,238 - ERROR - ['WAT']: YFRateLimitError('Too Many Requests. Rate limited. Try after a while.')
2025-03-19 12:43:31,240 - ERROR - 
1 Failed download:
2025-03-19 12:43:31,240 - ERROR - ['WAT']: YFRateLimitError('Too Many Requests. Rate limited. Try after a while.')
2025-03-19 12:43:32,363 - ERROR - 
1 Failed download:
2025-03-19 12:43:32,363 - ERROR - ['WEC']: YFRateLimitError('Too Many Requests. Rate limited. Try after a while.')
2025-03-19 12:43:33,262 - ERROR - 
1 Failed download:
2025-03-19 12:43:33,263 - ERROR - ['WEC']: YFRateLimitError('Too Many Requests. Rate limited. Try after a while.')
2025-03-19 12:43:33,931 - ERROR - 
1 Failed download:
2025-03-19 12:43:33,931 - ERROR - ['WEC']: YFRateLimitError('Too Many Requests. Rate limited. Try after a while.')
2025-03-19 12:43:34,683 - ERROR - 
1 Failed download:
2025-03-19 12:43:34,683 - ERROR - ['WFC']: YFRateLimitError('Too Many Requests. Rate limited. Try after a while.')
2025-03-19 12:43:35,411 - ERROR - 
1 Failed download:
2025-03-19 12:43:35,411 - ERROR - ['WFC']: YFRateLimitError('Too Many Requests. Rate limited. Try after a while.')
2025-03-19 12:43:36,079 - ERROR - 
1 Failed download:
2025-03-19 12:43:36,079 - ERROR - ['WFC']: YFRateLimitError('Too Many Requests. Rate limited. Try after a while.')
2025-03-19 12:43:36,646 - ERROR - 
1 Failed download:
2025-03-19 12:43:36,646 - ERROR - ['WELL']: YFRateLimitError('Too Many Requests. Rate limited. Try after a while.')
2025-03-19 12:43:37,676 - ERROR - 
1 Failed download:
2025-03-19 12:43:37,676 - ERROR - ['WELL']: YFRateLimitError('Too Many Requests. Rate limited. Try after a while.')
2025-03-19 12:43:38,288 - ERROR - 
1 Failed download:
2025-03-19 12:43:38,288 - ERROR - ['WELL']: YFRateLimitError('Too Many Requests. Rate limited. Try after a while.')
2025-03-19 12:43:38,963 - ERROR - 
1 Failed download:
2025-03-19 12:43:38,964 - ERROR - ['WST']: YFRateLimitError('Too Many Requests. Rate limited. Try after a while.')
2025-03-19 12:43:39,779 - ERROR - 
1 Failed download:
2025-03-19 12:43:39,779 - ERROR - ['WST']: YFRateLimitError('Too Many Requests. Rate limited. Try after a while.')
2025-03-19 12:43:40,478 - ERROR - 
1 Failed download:
2025-03-19 12:43:40,479 - ERROR - ['WST']: YFRateLimitError('Too Many Requests. Rate limited. Try after a while.')
2025-03-19 12:43:41,161 - ERROR - 
1 Failed download:
2025-03-19 12:43:41,161 - ERROR - ['WDC']: YFRateLimitError('Too Many Requests. Rate limited. Try after a while.')
2025-03-19 12:43:41,736 - ERROR - 
1 Failed download:
2025-03-19 12:43:41,736 - ERROR - ['WDC']: YFRateLimitError('Too Many Requests. Rate limited. Try after a while.')
2025-03-19 12:43:42,382 - ERROR - 
1 Failed download:
2025-03-19 12:43:42,382 - ERROR - ['WDC']: YFRateLimitError('Too Many Requests. Rate limited. Try after a while.')
2025-03-19 12:43:43,350 - ERROR - 
1 Failed download:
2025-03-19 12:43:43,350 - ERROR - ['WY']: YFRateLimitError('Too Many Requests. Rate limited. Try after a while.')
2025-03-19 12:43:44,417 - ERROR - 
1 Failed download:
2025-03-19 12:43:44,417 - ERROR - ['WY']: YFRateLimitError('Too Many Requests. Rate limited. Try after a while.')
2025-03-19 12:43:45,320 - ERROR - 
1 Failed download:
2025-03-19 12:43:45,320 - ERROR - ['WY']: YFRateLimitError('Too Many Requests. Rate limited. Try after a while.')
2025-03-19 12:43:46,118 - ERROR - 
1 Failed download:
2025-03-19 12:43:46,118 - ERROR - ['WMB']: YFRateLimitError('Too Many Requests. Rate limited. Try after a while.')
2025-03-19 12:43:47,245 - ERROR - 
1 Failed download:
2025-03-19 12:43:47,245 - ERROR - ['WMB']: YFRateLimitError('Too Many Requests. Rate limited. Try after a while.')
2025-03-19 12:43:48,006 - ERROR - 
1 Failed download:
2025-03-19 12:43:48,006 - ERROR - ['WMB']: YFRateLimitError('Too Many Requests. Rate limited. Try after a while.')
2025-03-19 12:43:48,671 - ERROR - 
1 Failed download:
2025-03-19 12:43:48,671 - ERROR - ['WTW']: YFRateLimitError('Too Many Requests. Rate limited. Try after a while.')
2025-03-19 12:43:49,359 - ERROR - 
1 Failed download:
2025-03-19 12:43:49,359 - ERROR - ['WTW']: YFRateLimitError('Too Many Requests. Rate limited. Try after a while.')
2025-03-19 12:43:50,223 - ERROR - 
1 Failed download:
2025-03-19 12:43:50,223 - ERROR - ['WTW']: YFRateLimitError('Too Many Requests. Rate limited. Try after a while.')
2025-03-19 12:43:51,143 - ERROR - 
1 Failed download:
2025-03-19 12:43:51,143 - ERROR - ['WDAY']: YFRateLimitError('Too Many Requests. Rate limited. Try after a while.')
2025-03-19 12:43:51,713 - ERROR - 
1 Failed download:
2025-03-19 12:43:51,713 - ERROR - ['WDAY']: YFRateLimitError('Too Many Requests. Rate limited. Try after a while.')
2025-03-19 12:43:52,594 - ERROR - 
1 Failed download:
2025-03-19 12:43:52,595 - ERROR - ['WDAY']: YFRateLimitError('Too Many Requests. Rate limited. Try after a while.')
2025-03-19 12:43:53,335 - ERROR - 
1 Failed download:
2025-03-19 12:43:53,335 - ERROR - ['WYNN']: YFRateLimitError('Too Many Requests. Rate limited. Try after a while.')
2025-03-19 12:43:53,875 - ERROR - 
1 Failed download:
2025-03-19 12:43:53,875 - ERROR - ['WYNN']: YFRateLimitError('Too Many Requests. Rate limited. Try after a while.')
2025-03-19 12:43:54,525 - ERROR - 
1 Failed download:
2025-03-19 12:43:54,525 - ERROR - ['WYNN']: YFRateLimitError('Too Many Requests. Rate limited. Try after a while.')
2025-03-19 12:43:55,107 - ERROR - 
1 Failed download:
2025-03-19 12:43:55,108 - ERROR - ['XEL']: YFRateLimitError('Too Many Requests. Rate limited. Try after a while.')
2025-03-19 12:43:55,895 - ERROR - 
1 Failed download:
2025-03-19 12:43:55,895 - ERROR - ['XEL']: YFRateLimitError('Too Many Requests. Rate limited. Try after a while.')
2025-03-19 12:43:56,847 - ERROR - 
1 Failed download:
2025-03-19 12:43:56,847 - ERROR - ['XEL']: YFRateLimitError('Too Many Requests. Rate limited. Try after a while.')
2025-03-19 12:43:57,729 - ERROR - 
1 Failed download:
2025-03-19 12:43:57,729 - ERROR - ['XYL']: YFRateLimitError('Too Many Requests. Rate limited. Try after a while.')
2025-03-19 12:43:58,365 - ERROR - 
1 Failed download:
2025-03-19 12:43:58,365 - ERROR - ['XYL']: YFRateLimitError('Too Many Requests. Rate limited. Try after a while.')
2025-03-19 12:43:59,202 - ERROR - 
1 Failed download:
2025-03-19 12:43:59,203 - ERROR - ['XYL']: YFRateLimitError('Too Many Requests. Rate limited. Try after a while.')
2025-03-19 12:44:00,008 - ERROR - 
1 Failed download:
2025-03-19 12:44:00,008 - ERROR - ['YUM']: YFRateLimitError('Too Many Requests. Rate limited. Try after a while.')
2025-03-19 12:44:00,758 - ERROR - 
1 Failed download:
2025-03-19 12:44:00,758 - ERROR - ['YUM']: YFRateLimitError('Too Many Requests. Rate limited. Try after a while.')
2025-03-19 12:44:01,384 - ERROR - 
1 Failed download:
2025-03-19 12:44:01,384 - ERROR - ['YUM']: YFRateLimitError('Too Many Requests. Rate limited. Try after a while.')
2025-03-19 12:44:02,274 - ERROR - 
1 Failed download:
2025-03-19 12:44:02,275 - ERROR - ['ZBRA']: YFRateLimitError('Too Many Requests. Rate limited. Try after a while.')
2025-03-19 12:44:03,016 - ERROR - 
1 Failed download:
2025-03-19 12:44:03,016 - ERROR - ['ZBRA']: YFRateLimitError('Too Many Requests. Rate limited. Try after a while.')
2025-03-19 12:44:03,549 - ERROR - 
1 Failed download:
2025-03-19 12:44:03,549 - ERROR - ['ZBRA']: YFRateLimitError('Too Many Requests. Rate limited. Try after a while.')
2025-03-19 12:44:04,193 - ERROR - 
1 Failed download:
2025-03-19 12:44:04,193 - ERROR - ['ZBH']: YFRateLimitError('Too Many Requests. Rate limited. Try after a while.')
2025-03-19 12:44:04,837 - ERROR - 
1 Failed download:
2025-03-19 12:44:04,837 - ERROR - ['ZBH']: YFRateLimitError('Too Many Requests. Rate limited. Try after a while.')
2025-03-19 12:44:05,665 - ERROR - 
1 Failed download:
2025-03-19 12:44:05,665 - ERROR - ['ZBH']: YFRateLimitError('Too Many Requests. Rate limited. Try after a while.')
2025-03-19 12:44:06,400 - ERROR - 
1 Failed download:
2025-03-19 12:44:06,400 - ERROR - ['ZTS']: YFRateLimitError('Too Many Requests. Rate limited. Try after a while.')
2025-03-19 12:44:07,217 - ERROR - 
1 Failed download:
2025-03-19 12:44:07,218 - ERROR - ['ZTS']: YFRateLimitError('Too Many Requests. Rate limited. Try after a while.')
2025-03-19 12:44:07,992 - ERROR - 
1 Failed download:
2025-03-19 12:44:07,992 - ERROR - ['ZTS']: YFRateLimitError('Too Many Requests. Rate limited. Try after a while.')
2025-03-19 12:44:08,800 - ERROR - 
1 Failed download:
2025-03-19 12:44:08,800 - ERROR - ['AAPL']: YFRateLimitError('Too Many Requests. Rate limited. Try after a while.')
2025-03-19 12:44:09,728 - INFO - Test log entry for unit test
2025-03-19 12:54:01,336 - ERROR - 
1 Failed download:
2025-03-19 12:54:01,337 - ERROR - ['BRK.B']: YFPricesMissingError('possibly delisted; no price data found  (period=1mo) (Yahoo error = "No data found, symbol may be delisted")')
2025-03-19 12:54:01,966 - ERROR - 
1 Failed download:
2025-03-19 12:54:01,966 - ERROR - ['BRK.B']: YFPricesMissingError('possibly delisted; no price data found  (period=1mo) (Yahoo error = "No data found, symbol may be delisted")')
2025-03-19 12:54:02,566 - ERROR - 
1 Failed download:
2025-03-19 12:54:02,566 - ERROR - ['BRK.B']: YFPricesMissingError('possibly delisted; no price data found  (period=5d) (Yahoo error = "No data found, symbol may be delisted")')
2025-03-19 12:54:07,803 - ERROR - 
1 Failed download:
2025-03-19 12:54:07,803 - ERROR - ['BF.B']: YFPricesMissingError('possibly delisted; no price data found  (period=1mo)')
2025-03-19 12:54:07,836 - ERROR - 
1 Failed download:
2025-03-19 12:54:07,836 - ERROR - ['BF.B']: YFPricesMissingError('possibly delisted; no price data found  (period=1mo)')
2025-03-19 12:54:07,885 - ERROR - 
1 Failed download:
2025-03-19 12:54:07,885 - ERROR - ['BF.B']: YFPricesMissingError('possibly delisted; no price data found  (period=5d)')
2025-03-19 12:56:42,767 - ERROR - Could not get exchangeTimezoneName for ticker 'WDC' reason: 'chart'
2025-03-19 12:56:43,447 - ERROR - 
1 Failed download:
2025-03-19 12:56:43,447 - ERROR - ['WDC']: YFPricesMissingError('possibly delisted; no price data found  (period=1mo)')
2025-03-19 12:56:43,455 - ERROR - Could not get exchangeTimezoneName for ticker 'WDC' reason: 'chart'
2025-03-19 12:56:44,468 - ERROR - 
1 Failed download:
2025-03-19 12:56:44,468 - ERROR - ['WDC']: YFPricesMissingError('possibly delisted; no price data found  (period=1mo)')
2025-03-19 12:56:44,475 - ERROR - Could not get exchangeTimezoneName for ticker 'WDC' reason: 'chart'
2025-03-19 12:56:45,061 - ERROR - 
1 Failed download:
2025-03-19 12:56:45,061 - ERROR - ['WDC']: YFPricesMissingError('possibly delisted; no price data found  (period=5d)')
2025-03-19 12:56:49,565 - INFO - Test log entry for unit test
2025-03-19 13:27:25,856 - ERROR - 
1 Failed download:
2025-03-19 13:27:25,857 - ERROR - ['BRK.B']: YFPricesMissingError('possibly delisted; no price data found  (period=1mo) (Yahoo error = "No data found, symbol may be delisted")')
2025-03-19 13:27:26,574 - ERROR - 
1 Failed download:
2025-03-19 13:27:26,576 - ERROR - ['BRK.B']: YFPricesMissingError('possibly delisted; no price data found  (period=1mo) (Yahoo error = "No data found, symbol may be delisted")')
2025-03-19 13:27:27,423 - ERROR - 
1 Failed download:
2025-03-19 13:27:27,423 - ERROR - ['BRK.B']: YFPricesMissingError('possibly delisted; no price data found  (period=5d) (Yahoo error = "No data found, symbol may be delisted")')
2025-03-19 13:27:32,060 - ERROR - 
1 Failed download:
2025-03-19 13:27:32,060 - ERROR - ['BF.B']: YFPricesMissingError('possibly delisted; no price data found  (period=1mo)')
2025-03-19 13:27:32,091 - ERROR - 
1 Failed download:
2025-03-19 13:27:32,091 - ERROR - ['BF.B']: YFPricesMissingError('possibly delisted; no price data found  (period=1mo)')
2025-03-19 13:27:32,153 - ERROR - 
1 Failed download:
2025-03-19 13:27:32,153 - ERROR - ['BF.B']: YFPricesMissingError('possibly delisted; no price data found  (period=5d)')
2025-03-19 13:30:00,884 - ERROR - Could not get exchangeTimezoneName for ticker 'WDC' reason: 'chart'
2025-03-19 13:30:01,508 - ERROR - 
1 Failed download:
2025-03-19 13:30:01,508 - ERROR - ['WDC']: YFPricesMissingError('possibly delisted; no price data found  (period=1mo)')
2025-03-19 13:30:01,516 - ERROR - Could not get exchangeTimezoneName for ticker 'WDC' reason: 'chart'
2025-03-19 13:30:02,297 - ERROR - 
1 Failed download:
2025-03-19 13:30:02,297 - ERROR - ['WDC']: YFPricesMissingError('possibly delisted; no price data found  (period=1mo)')
2025-03-19 13:30:02,304 - ERROR - Could not get exchangeTimezoneName for ticker 'WDC' reason: 'chart'
2025-03-19 13:30:03,356 - ERROR - 
1 Failed download:
2025-03-19 13:30:03,356 - ERROR - ['WDC']: YFPricesMissingError('possibly delisted; no price data found  (period=5d)')
2025-03-19 13:30:07,222 - INFO - Test log entry for unit test
2025-03-19 13:42:16,749 - INFO - Error during ML training/prediction: [36mray::_dystack()[39m (pid=12528, ip=127.0.0.1)
  File "python\ray\_raylet.pyx", line 1862, in ray._raylet.execute_task
  File "C:\Users\danie\anaconda3\envs\soros_ai_env\lib\site-packages\autogluon\tabular\predictor\predictor.py", line 5665, in _dystack
    train_data, val_data = generate_train_test_split_combined(
  File "C:\Users\danie\anaconda3\envs\soros_ai_env\lib\site-packages\autogluon\core\utils\utils.py", line 417, in generate_train_test_split_combined
    X, y = extract_label(data=data, label=label)
  File "C:\Users\danie\anaconda3\envs\soros_ai_env\lib\site-packages\autogluon\core\utils\utils.py", line 357, in extract_label
    raise ValueError(f"Provided DataFrame does not contain label column: {label}")
ValueError: Provided DataFrame does not contain label column: target
2025-03-19 13:52:20,726 - ERROR - 
1 Failed download:
2025-03-19 13:52:20,728 - ERROR - ['BRK.B']: YFPricesMissingError('possibly delisted; no price data found  (period=1mo) (Yahoo error = "No data found, symbol may be delisted")')
2025-03-19 13:52:21,633 - ERROR - 
1 Failed download:
2025-03-19 13:52:21,633 - ERROR - ['BRK.B']: YFPricesMissingError('possibly delisted; no price data found  (period=1mo) (Yahoo error = "No data found, symbol may be delisted")')
2025-03-19 13:52:22,399 - ERROR - 
1 Failed download:
2025-03-19 13:52:22,399 - ERROR - ['BRK.B']: YFPricesMissingError('possibly delisted; no price data found  (period=5d) (Yahoo error = "No data found, symbol may be delisted")')
2025-03-19 13:52:27,187 - ERROR - 
1 Failed download:
2025-03-19 13:52:27,187 - ERROR - ['BF.B']: YFPricesMissingError('possibly delisted; no price data found  (period=1mo)')
2025-03-19 13:52:27,219 - ERROR - 
1 Failed download:
2025-03-19 13:52:27,219 - ERROR - ['BF.B']: YFPricesMissingError('possibly delisted; no price data found  (period=1mo)')
2025-03-19 13:52:27,282 - ERROR - 
1 Failed download:
2025-03-19 13:52:27,282 - ERROR - ['BF.B']: YFPricesMissingError('possibly delisted; no price data found  (period=5d)')
2025-03-19 13:55:01,137 - ERROR - Could not get exchangeTimezoneName for ticker 'WDC' reason: 'chart'
2025-03-19 13:55:01,741 - ERROR - 
1 Failed download:
2025-03-19 13:55:01,741 - ERROR - ['WDC']: YFPricesMissingError('possibly delisted; no price data found  (period=1mo)')
2025-03-19 13:55:01,745 - ERROR - Could not get exchangeTimezoneName for ticker 'WDC' reason: 'chart'
2025-03-19 13:55:02,628 - ERROR - 
1 Failed download:
2025-03-19 13:55:02,628 - ERROR - ['WDC']: YFPricesMissingError('possibly delisted; no price data found  (period=1mo)')
2025-03-19 13:55:02,637 - ERROR - Could not get exchangeTimezoneName for ticker 'WDC' reason: 'chart'
2025-03-19 13:55:03,342 - ERROR - 
1 Failed download:
2025-03-19 13:55:03,342 - ERROR - ['WDC']: YFPricesMissingError('possibly delisted; no price data found  (period=5d)')
2025-03-19 13:55:07,374 - INFO - Test log entry for unit test
2025-03-19 13:59:30,743 - INFO - Error during ML training/prediction: [36mray::_dystack()[39m (pid=30260, ip=127.0.0.1)
  File "python\ray\_raylet.pyx", line 1862, in ray._raylet.execute_task
  File "C:\Users\danie\anaconda3\envs\soros_ai_env\lib\site-packages\autogluon\tabular\predictor\predictor.py", line 5665, in _dystack
    train_data, val_data = generate_train_test_split_combined(
  File "C:\Users\danie\anaconda3\envs\soros_ai_env\lib\site-packages\autogluon\core\utils\utils.py", line 417, in generate_train_test_split_combined
    X, y = extract_label(data=data, label=label)
  File "C:\Users\danie\anaconda3\envs\soros_ai_env\lib\site-packages\autogluon\core\utils\utils.py", line 357, in extract_label
    raise ValueError(f"Provided DataFrame does not contain label column: {label}")
ValueError: Provided DataFrame does not contain label column: target
2025-03-19 15:36:17,411 - ERROR - 
1 Failed download:
2025-03-19 15:36:17,413 - ERROR - ['BRK.B']: YFPricesMissingError('possibly delisted; no price data found  (period=1mo) (Yahoo error = "No data found, symbol may be delisted")')
2025-03-19 15:36:18,105 - ERROR - 
1 Failed download:
2025-03-19 15:36:18,105 - ERROR - ['BRK.B']: YFPricesMissingError('possibly delisted; no price data found  (period=1mo) (Yahoo error = "No data found, symbol may be delisted")')
2025-03-19 15:36:19,395 - ERROR - 
1 Failed download:
2025-03-19 15:36:19,395 - ERROR - ['BRK.B']: YFPricesMissingError('possibly delisted; no price data found  (period=5d) (Yahoo error = "No data found, symbol may be delisted")')
2025-03-19 15:37:18,002 - ERROR - 
1 Failed download:
2025-03-19 15:37:18,004 - ERROR - ['BF.B']: YFPricesMissingError('possibly delisted; no price data found  (period=1mo)')
2025-03-19 15:37:18,049 - ERROR - 
1 Failed download:
2025-03-19 15:37:18,051 - ERROR - ['BF.B']: YFPricesMissingError('possibly delisted; no price data found  (period=1mo)')
2025-03-19 15:37:18,115 - ERROR - 
1 Failed download:
2025-03-19 15:37:18,115 - ERROR - ['BF.B']: YFPricesMissingError('possibly delisted; no price data found  (period=5d)')
2025-03-19 18:01:02,213 - INFO - Error during ML training/prediction: [36mray::_dystack()[39m (pid=18052, ip=127.0.0.1)
  File "python\ray\_raylet.pyx", line 1862, in ray._raylet.execute_task
  File "C:\Users\danie\anaconda3\envs\soros_ai_env\lib\site-packages\autogluon\tabular\predictor\predictor.py", line 5665, in _dystack
    train_data, val_data = generate_train_test_split_combined(
  File "C:\Users\danie\anaconda3\envs\soros_ai_env\lib\site-packages\autogluon\core\utils\utils.py", line 417, in generate_train_test_split_combined
    X, y = extract_label(data=data, label=label)
  File "C:\Users\danie\anaconda3\envs\soros_ai_env\lib\site-packages\autogluon\core\utils\utils.py", line 357, in extract_label
    raise ValueError(f"Provided DataFrame does not contain label column: {label}")
ValueError: Provided DataFrame does not contain label column: target
2025-03-19 19:11:58,924 - ERROR - 
1 Failed download:
2025-03-19 19:11:58,924 - ERROR - ['BRK.B']: YFPricesMissingError('possibly delisted; no price data found  (period=1mo) (Yahoo error = "No data found, symbol may be delisted")')
2025-03-19 19:11:59,517 - ERROR - 
1 Failed download:
2025-03-19 19:11:59,517 - ERROR - ['BRK.B']: YFPricesMissingError('possibly delisted; no price data found  (period=1mo) (Yahoo error = "No data found, symbol may be delisted")')
2025-03-19 19:12:00,365 - ERROR - 
1 Failed download:
2025-03-19 19:12:00,365 - ERROR - ['BRK.B']: YFPricesMissingError('possibly delisted; no price data found  (period=5d) (Yahoo error = "No data found, symbol may be delisted")')
2025-03-19 19:14:39,968 - ERROR - 
1 Failed download:
2025-03-19 19:14:39,968 - ERROR - ['BF.B']: YFPricesMissingError('possibly delisted; no price data found  (period=1mo)')
2025-03-19 19:14:40,030 - ERROR - 
1 Failed download:
2025-03-19 19:14:40,030 - ERROR - ['BF.B']: YFPricesMissingError('possibly delisted; no price data found  (period=1mo)')
2025-03-19 19:14:40,109 - ERROR - 
1 Failed download:
2025-03-19 19:14:40,109 - ERROR - ['BF.B']: YFPricesMissingError('possibly delisted; no price data found  (period=5d)')
2025-03-20 12:32:44,388 - ERROR - 
1 Failed download:
2025-03-20 12:32:44,391 - ERROR - ['BRK.B']: YFPricesMissingError('possibly delisted; no price data found  (period=1mo) (Yahoo error = "No data found, symbol may be delisted")')
2025-03-20 12:32:45,036 - ERROR - 
1 Failed download:
2025-03-20 12:32:45,036 - ERROR - ['BRK.B']: YFPricesMissingError('possibly delisted; no price data found  (period=1mo) (Yahoo error = "No data found, symbol may be delisted")')
2025-03-20 12:32:45,670 - ERROR - 
1 Failed download:
2025-03-20 12:32:45,670 - ERROR - ['BRK.B']: YFPricesMissingError('possibly delisted; no price data found  (period=5d) (Yahoo error = "No data found, symbol may be delisted")')
2025-03-20 12:35:30,097 - ERROR - 
1 Failed download:
2025-03-20 12:35:30,097 - ERROR - ['BF.B']: YFPricesMissingError('possibly delisted; no price data found  (period=1mo)')
2025-03-20 12:35:30,128 - ERROR - 
1 Failed download:
2025-03-20 12:35:30,128 - ERROR - ['BF.B']: YFPricesMissingError('possibly delisted; no price data found  (period=1mo)')
2025-03-20 12:35:30,191 - ERROR - 
1 Failed download:
2025-03-20 12:35:30,191 - ERROR - ['BF.B']: YFPricesMissingError('possibly delisted; no price data found  (period=5d)')
2025-03-20 13:01:44,402 - ERROR - 
1 Failed download:
2025-03-20 13:01:44,404 - ERROR - ['J']: YFPricesMissingError('possibly delisted; no price data found  (period=1mo)')
2025-03-20 13:01:45,443 - ERROR - 
1 Failed download:
2025-03-20 13:01:45,443 - ERROR - ['J']: YFPricesMissingError('possibly delisted; no price data found  (period=1mo)')
2025-03-20 13:01:46,670 - ERROR - 
1 Failed download:
2025-03-20 13:01:46,670 - ERROR - ['J']: YFPricesMissingError('possibly delisted; no price data found  (period=5d)')
2025-03-20 13:42:31,226 - INFO - ML Predictions: Mean=0.0, Std=0.0
2025-03-20 13:42:31,229 - INFO - Combined Social Sentiment: {'sentiment': 'POSITIVE', 'score': 0.5093587521292368}
2025-03-20 13:42:31,229 - INFO - Final Aggregated Signal: 0.261329873789127
2025-03-20 13:42:31,229 - INFO - Dynamic Watchlist: ['K', 'JNPR', 'MMC', 'ICE', 'BRO', 'AON', 'DTE', 'ECL', 'JNJ', 'LIN']
